[18:58:17] [ServerMain/INFO]: Environment: Environment[sessionHost=https://sessionserver.mojang.com, servicesHost=https://api.minecraftservices.com, name=PROD]
[18:58:20] [ServerMain/INFO]: Loaded 1174 recipes
[18:58:21] [ServerMain/INFO]: Loaded 1271 advancements
[18:58:21] [Server thread/INFO]: Starting minecraft server version 1.20.4
[18:58:21] [Server thread/INFO]: Loading properties
[18:58:21] [Server thread/INFO]: This server is running Paper version git-Paper-464 (MC: 1.20.4) (Implementing API version 1.20.4-R0.1-SNAPSHOT) (Git: e709245)
[18:58:23] [Server thread/INFO]: Using 4 threads for Netty based IO
[18:58:23] [Server thread/INFO]: Server Ping Player Sample Count: 12
[18:58:23] [Server thread/WARN]: [!] The timings profiler has been enabled but has been scheduled for removal from Paper in the future.
    We recommend installing the spark profiler as a replacement: https://spark.lucko.me/
    For more information please visit: https://github.com/PaperMC/Paper/issues/8948
[18:58:23] [Server thread/INFO]: [ChunkTaskScheduler] Chunk system is using 1 I/O threads, 1 worker threads, and gen parallelism of 1 threads
[18:58:24] [Server thread/INFO]: Default game type: SURVIVAL
[18:58:24] [Server thread/INFO]: Generating keypair
[18:58:24] [Server thread/INFO]: Starting Minecraft server on *:25565
[18:58:24] [Server thread/INFO]: Using epoll channel type
[18:58:24] [Server thread/INFO]: Paper: Using libdeflate (Linux x86_64) compression from Velocity.
[18:58:24] [Server thread/INFO]: Paper: Using OpenSSL 1.1.x (Linux x86_64) cipher from Velocity.
[18:58:25] [Server thread/INFO]: [ViaVersion] Loading server plugin ViaVersion v4.9.3
[18:58:25] [Server thread/INFO]: [ViaVersion] ViaVersion 4.9.3 is now loaded. Registering protocol transformers and injecting...
[18:58:26] [Via-Mappingloader-0/INFO]: [ViaVersion] Loading block connection mappings ...
[18:58:27] [Via-Mappingloader-0/INFO]: [ViaVersion] Using FastUtil Long2ObjectOpenHashMap for block connections
[18:58:27] [Server thread/INFO]: [ViaBackwards] Loading translations...
[18:58:27] [Server thread/INFO]: [ViaBackwards] Registering protocols...
[18:58:28] [Server thread/INFO]: [OpenInv] Loading server plugin OpenInv v4.4.2
[18:58:28] [Server thread/INFO]: [Geyser-Spigot] Loading server plugin Geyser-Spigot v2.2.3-SNAPSHOT
[18:58:29] [Server thread/INFO]: [Geyser-Spigot] Loading extensions...
[18:58:29] [Server thread/INFO]: [Geyser-Spigot] Loaded 0 extension(s)
[18:58:29] [Server thread/INFO]: [playit-gg] Loading server plugin playit-gg v0.1.4
[18:58:29] [Server thread/INFO]: [ViaBackwards] Loading server plugin ViaBackwards v4.9.2
[18:58:29] [Server thread/INFO]: [voicechat] Loading server plugin voicechat v2.5.15
[18:58:29] [Server thread/INFO]: Server permissions file permissions.yml is empty, ignoring it
[18:58:29] [Server thread/WARN]: **** SERVER IS RUNNING IN OFFLINE/INSECURE MODE!
[18:58:29] [Server thread/WARN]: The server will make no attempt to authenticate usernames. Beware.
[18:58:29] [Server thread/WARN]: While this makes the game possible to play without internet access, it also opens up the ability for hackers to connect with any username they choose.
[18:58:29] [Server thread/WARN]: To change this, set "online-mode" to "true" in the server.properties file.
[18:58:29] [Server thread/INFO]: Preparing level "world"
[18:58:30] [Server thread/INFO]: Preparing start region for dimension minecraft:overworld
[18:58:30] [Server thread/INFO]: Time elapsed: 357 ms
[18:58:30] [Server thread/INFO]: Preparing start region for dimension minecraft:the_nether
[18:58:30] [Server thread/INFO]: Time elapsed: 226 ms
[18:58:30] [Server thread/INFO]: Preparing start region for dimension minecraft:the_end
[18:58:30] [Server thread/INFO]: Time elapsed: 123 ms
[18:58:30] [Server thread/INFO]: [ViaVersion] Enabling ViaVersion v4.9.3
[18:58:31] [Server thread/INFO]: [ViaVersion] ViaVersion detected server version: 1.20.3/1.20.4 (765)
[18:58:31] [Server thread/INFO]: [OpenInv] Enabling OpenInv v4.4.2
[18:58:31] [Server thread/INFO]: [Geyser-Spigot] Enabling Geyser-Spigot v2.2.3-SNAPSHOT
[18:58:31] [Server thread/INFO]: [playit-gg] Enabling playit-gg v0.1.4
[18:58:32] [Thread-7/WARN]: java.lang.ClassNotFoundException: net.md5.bungee.Core
[18:58:32] [Thread-7/WARN]: 	at java.base/java.net.URLClassLoader.findClass(URLClassLoader.java:445)
[18:58:32] [Thread-7/WARN]: 	at java.base/java.lang.ClassLoader.loadClass(ClassLoader.java:593)
[18:58:32] [Thread-7/WARN]: 	at java.base/java.net.FactoryURLClassLoader.loadClass(URLClassLoader.java:872)
[18:58:32] [Thread-7/WARN]: 	at java.base/java.lang.ClassLoader.loadClass(ClassLoader.java:526)
[18:58:32] [Thread-7/WARN]: 	at java.base/java.lang.Class.forName0(Native Method)
[18:58:32] [Thread-7/WARN]: 	at java.base/java.lang.Class.forName(Class.java:534)
[18:58:32] [Thread-7/WARN]: 	at java.base/java.lang.Class.forName(Class.java:513)
[18:58:32] [Thread-7/WARN]: 	at ViaVersion-4.9.3.jar//net.md_5.bungee.api.chat.TranslatableComponentDeserializer$1.run(TranslatableComponentDeserializer.java:35)
[18:58:32] [Thread-7/WARN]: 	at java.base/java.lang.Thread.run(Thread.java:1583)
[18:58:33] [Server thread/INFO]: [ViaBackwards] Enabling ViaBackwards v4.9.2
[18:58:33] [Thread-9/INFO]: [gg.playit.minecraft.PlayitKeysSetup] secret key found, checking
[18:58:33] [Thread-9/INFO]: [gg.playit.minecraft.PlayitKeysSetup] check secret
[18:58:33] [Server thread/INFO]: [voicechat] Enabling voicechat v2.5.15
[18:58:33] [Server thread/INFO]: [voicechat] Initializing compatibility for Bukkit version 1.20.4-R0.1
[18:58:33] [Server thread/INFO]: [voicechat] Compatibility version 18
[18:58:33] [Server thread/INFO]: [voicechat] Successfully initialized commodore command completion
[18:58:33] [Server thread/INFO]: [voicechat] Successfully added ViaVersion mappings
[18:58:33] [Server thread/INFO]: [Geyser-Spigot] ******************************************
[18:58:33] [Server thread/INFO]: [Geyser-Spigot] 
[18:58:33] [Server thread/INFO]: [Geyser-Spigot] Loading Geyser version 2.2.3-SNAPSHOT (git-master-29bd896)
[18:58:33] [Server thread/INFO]: [Geyser-Spigot] 
[18:58:33] [Server thread/INFO]: [Geyser-Spigot] ******************************************
